app/manifest-merger-release-report.txt
-- Merging decision tree log ---
manifest
ADDED from AndroidManifest.xml:2:1
	package
		ADDED from AndroidManifest.xml:3:5
		INJECTED from AndroidManifest.xml:0:0
		INJECTED from AndroidManifest.xml:0:0
	android:versionName
		INJECTED from AndroidManifest.xml:0:0
		INJECTED from AndroidManifest.xml:0:0
	xmlns:android
		ADDED from AndroidManifest.xml:2:11
	android:versionCode
		INJECTED from AndroidManifest.xml:0:0
		INJECTED from AndroidManifest.xml:0:0
supports-screens
ADDED from AndroidManifest.xml:5:5
	android:largeScreens
		ADDED from AndroidManifest.xml:7:9
	android:smallScreens
		ADDED from AndroidManifest.xml:9:9
	android:normalScreens
		ADDED from AndroidManifest.xml:8:9
	android:xlargeScreens
		ADDED from AndroidManifest.xml:10:9
	android:anyDensity
		ADDED from AndroidManifest.xml:6:9
application
ADDED from AndroidManifest.xml:12:5
MERGED from com.android.support:appcompat-v7:23.1.0:22:5
MERGED from com.android.support:support-v4:23.1.0:22:5
MERGED from com.android.support:support-v4:23.1.0:22:5
MERGED from com.google.android.gms:play-services:6.5.87:20:5
MERGED from com.android.support:support-v4:23.1.0:22:5
MERGED from com.android.support:support-v4:23.1.0:22:5
MERGED from com.android.support:design:23.1.0:22:5
MERGED from com.android.support:appcompat-v7:23.1.0:22:5
MERGED from com.android.support:support-v4:23.1.0:22:5
MERGED from com.android.support:support-v4:23.1.0:22:5
MERGED from com.android.support:support-v4:23.1.0:22:5
	android:label
		ADDED from AndroidManifest.xml:15:9
	android:allowBackup
		ADDED from AndroidManifest.xml:13:9
	android:icon
		ADDED from AndroidManifest.xml:14:9
	android:theme
		ADDED from AndroidManifest.xml:16:9
meta-data#com.google.android.maps.v2.API_KEY
ADDED from AndroidManifest.xml:23:9
	android:value
		ADDED from AndroidManifest.xml:25:13
	android:name
		ADDED from AndroidManifest.xml:24:13
activity#org.alexiwilius.sehirsenin.view.MainActivity
ADDED from AndroidManifest.xml:27:9
	android:label
		ADDED from AndroidManifest.xml:30:13
	android:windowSoftInputMode
		ADDED from AndroidManifest.xml:31:13
	android:configChanges
		ADDED from AndroidManifest.xml:29:13
	android:name
		ADDED from AndroidManifest.xml:28:13
intent-filter#android.intent.action.MAIN+android.intent.category.LAUNCHER
ADDED from AndroidManifest.xml:32:13
action#android.intent.action.MAIN
ADDED from AndroidManifest.xml:33:17
	android:name
		ADDED from AndroidManifest.xml:33:25
category#android.intent.category.LAUNCHER
ADDED from AndroidManifest.xml:34:17
	android:name
		ADDED from AndroidManifest.xml:34:27
activity#org.alexiwilius.sehirsenin.view.BusActivity
ADDED from AndroidManifest.xml:39:9
	android:label
		ADDED from AndroidManifest.xml:42:13
	android:windowSoftInputMode
		ADDED from AndroidManifest.xml:43:13
	android:configChanges
		ADDED from AndroidManifest.xml:41:13
	android:name
		ADDED from AndroidManifest.xml:40:13
intent-filter#android.intent.action.MAIN+android.intent.category.DEFAULT
ADDED from AndroidManifest.xml:44:13
category#android.intent.category.DEFAULT
ADDED from AndroidManifest.xml:46:17
	android:name
		ADDED from AndroidManifest.xml:46:27
uses-sdk
INJECTED from AndroidManifest.xml:0:0 reason: use-sdk injection requested
MERGED from SehirSenin:menudrawer:unspecified:7:5
MERGED from SehirSenin:ranti_app:unspecified:7:5
MERGED from com.android.support:appcompat-v7:23.1.0:20:5
MERGED from com.android.support:support-v4:23.1.0:20:5
MERGED from com.android.support:support-v4:23.1.0:20:5
MERGED from com.google.android.gms:play-services:6.5.87:18:5
MERGED from com.android.support:support-v4:23.1.0:20:5
MERGED from com.android.support:recyclerview-v7:23.1.0:20:5
MERGED from com.android.support:support-v4:23.1.0:20:5
MERGED from com.android.support:design:23.1.0:20:5
MERGED from com.android.support:appcompat-v7:23.1.0:20:5
MERGED from com.android.support:support-v4:23.1.0:20:5
MERGED from com.android.support:recyclerview-v7:23.1.0:20:5
MERGED from com.android.support:support-v4:23.1.0:20:5
MERGED from com.android.support:support-v4:23.1.0:20:5
	android:targetSdkVersion
		INJECTED from AndroidManifest.xml:0:0
		INJECTED from AndroidManifest.xml:0:0
	android:minSdkVersion
		INJECTED from AndroidManifest.xml:0:0
		INJECTED from AndroidManifest.xml:0:0
uses-permission#android.permission.ACCESS_COARSE_LOCATION
ADDED from SehirSenin:ranti_app:unspecified:11:5
	android:name
		ADDED from SehirSenin:ranti_app:unspecified:11:22
uses-permission#android.permission.INTERNET
ADDED from SehirSenin:ranti_app:unspecified:12:5
	android:name
		ADDED from SehirSenin:ranti_app:unspecified:12:22
uses-permission#android.permission.ACCESS_NETWORK_STATE
ADDED from SehirSenin:ranti_app:unspecified:13:5
	android:name
		ADDED from SehirSenin:ranti_app:unspecified:13:22
uses-permission#android.permission.WRITE_EXTERNAL_STORAGE
ADDED from SehirSenin:ranti_app:unspecified:14:5
	android:name
		ADDED from SehirSenin:ranti_app:unspecified:14:22
uses-permission#android.permission.ACCESS_GPS
ADDED from SehirSenin:ranti_app:unspecified:15:5
	android:name
		ADDED from SehirSenin:ranti_app:unspecified:15:22
uses-permission#android.permission.ACCESS_ASSISTED_GPS
ADDED from SehirSenin:ranti_app:unspecified:16:5
	android:name
		ADDED from SehirSenin:ranti_app:unspecified:16:22
uses-permission#android.permission.ACCESS_LOCATION
ADDED from SehirSenin:ranti_app:unspecified:17:5
	android:name
		ADDED from SehirSenin:ranti_app:unspecified:17:22
uses-permission#android.permission.ACCESS_FINE_LOCATION
ADDED from SehirSenin:ranti_app:unspecified:19:5
	android:name
		ADDED from SehirSenin:ranti_app:unspecified:19:22
meta-data#com.google.android.gms.version
ADDED from com.google.android.gms:play-services:6.5.87:21:9
	android:value
		ADDED from com.google.android.gms:play-services:6.5.87:23:13
	android:name
		ADDED from com.google.android.gms:play-services:6.5.87:22:13